<?xml version="1.0" encoding="UTF-8"?>
<!-- Generated by org.testng.reporters.JUnitXMLReporter -->
<testsuite ignored="3" hostname="Rams-MacBook-Pro.local" failures="0" tests="1" name="Default test" time="2.719" errors="0" timestamp="29 Jul 2024 12:00:32 GMT">
  <testcase classname="Execution.ObjectMapper" name="postRequest" time="2.693"/>
  <testcase classname="Execution.ObjectMapper" name="schemaValidator" time="0.0">
    <ignored/>
  </testcase> <!-- schemaValidator -->
  <testcase classname="Execution.ObjectMapper" name="ObjMapFromUtils" time="0.0">
    <ignored/>
  </testcase> <!-- ObjMapFromUtils -->
  <testcase classname="Execution.ObjectMapper" name="ObjMap" time="0.0">
    <ignored/>
  </testcase> <!-- ObjMap -->
</testsuite> <!-- Default test -->
