<?xml version="1.0" encoding="UTF-8"?>
<testng-results ignored="3" total="4" passed="1" failed="0" skipped="0">
  <reporter-output>
  </reporter-output>
  <suite started-at="2024-07-29T12:00:24Z" name="Default suite" finished-at="2024-07-29T12:00:27Z" duration-ms="2719">
    <groups>
    </groups>
    <test started-at="2024-07-29T12:00:24Z" name="Default test" finished-at="2024-07-29T12:00:27Z" duration-ms="2719">
      <class name="Execution.ObjectMapper">
        <test-method signature="postRequest()[pri:0, instance:Execution.ObjectMapper@7b205dbd]" started-at="2024-07-29T12:00:24Z" name="postRequest" finished-at="2024-07-29T12:00:27Z" duration-ms="2693" status="PASS">
          <reporter-output>
          </reporter-output>
        </test-method> <!-- postRequest -->
      </class> <!-- Execution.ObjectMapper -->
    </test> <!-- Default test -->
  </suite> <!-- Default suite -->
</testng-results>
